Vivado Simulator 2019.2
Time resolution is 1 ps
                   0 Current Value:  204
                   4 Current Value:  230
                   8 Current Value:  115
                  12 Current Value:  185
                  16 Current Value:   92
                  20 Current Value:  174
                  24 Current Value:   87
                  28 Current Value:   43
                  32 Current Value:   21
                  36 Current Value:   10
                  40 Current Value:    5
                  44 Current Value:  130
                  48 Current Value:  193
                  52 Current Value:   96
                  56 Current Value:  176
                  60 Current Value:  216
                  64 Current Value:  108
                  68 Current Value:  182
                  72 Current Value:  219
                  76 Current Value:  237
                  80 Current Value:  246
                  84 Current Value:  251
                  88 Current Value:  125
                  92 Current Value:  190
                  96 Current Value:  223
                 100 Current Value:  239
                 104 Current Value:  247
                 108 Current Value:  123
                 112 Current Value:  189
                 116 Current Value:   94
                 120 Current Value:  175
                 124 Current Value:  215
                 128 Current Value:  235
                 132 Current Value:  245
                 136 Current Value:  122
                 140 Current Value:   61
                 144 Current Value:  158
                 148 Current Value:   79
                 152 Current Value:  167
                 156 Current Value:  211
                 160 Current Value:  233
                 164 Current Value:  244
                 168 Current Value:  250
                 172 Current Value:  253
                 176 Current Value:  126
                 180 Current Value:   63
                 184 Current Value:  159
                 188 Current Value:  207
                 192 Current Value:  103
                 196 Current Value:   51
                 200 Current Value:  153
                 204 Current Value:  204
                 208 Current Value:  230
                 212 Current Value:  115
                 216 Current Value:  185
                 220 Current Value:   92
                 224 Current Value:  174
                 228 Current Value:   87
                 232 Current Value:   43
                 236 Current Value:   21
                 240 Current Value:   10
                 244 Current Value:    5
                 248 Current Value:  130
                 252 Current Value:  193
                 256 Current Value:   96
                 260 Current Value:  176
                 264 Current Value:  216
                 268 Current Value:  108
                 272 Current Value:  182
                 276 Current Value:  219
                 280 Current Value:  237
                 284 Current Value:  246
                 288 Current Value:  251
                 292 Current Value:  125
                 296 Current Value:  190
                 300 Current Value:  223
                 304 Current Value:  239
                 308 Current Value:  247
                 312 Current Value:  123
                 316 Current Value:  189
                 320 Current Value:   94
                 324 Current Value:  175
                 328 Current Value:  215
                 332 Current Value:  235
                 336 Current Value:  245
                 340 Current Value:  122
                 344 Current Value:   61
                 348 Current Value:  158
                 352 Current Value:   79
                 356 Current Value:  167
                 360 Current Value:  211
                 364 Current Value:  233
                 368 Current Value:  244
                 372 Current Value:  250
                 376 Current Value:  253
                 380 Current Value:  126
                 384 Current Value:   63
                 388 Current Value:  159
                 392 Current Value:  207
                 396 Current Value:  103
                 400 Current Value:   51
                 404 Current Value:  153
                 408 Current Value:  204
                 412 Current Value:  230
                 416 Current Value:  115
                 420 Current Value:  185
                 424 Current Value:   92
                 428 Current Value:  174
                 432 Current Value:   87
                 436 Current Value:   43
                 440 Current Value:   21
                 444 Current Value:   10
                 448 Current Value:    5
                 452 Current Value:  130
                 456 Current Value:  193
                 460 Current Value:   96
                 464 Current Value:  176
                 468 Current Value:  216
                 472 Current Value:  108
                 476 Current Value:  182
                 480 Current Value:  219
                 484 Current Value:  237
                 488 Current Value:  246
                 492 Current Value:  251
                 496 Current Value:  125
                 500 Current Value:  190
                 504 Current Value:  223
                 508 Current Value:  239
                 512 Current Value:  247
                 516 Current Value:  123
                 520 Current Value:  189
                 524 Current Value:   94
                 528 Current Value:  175
                 532 Current Value:  215
                 536 Current Value:  235
                 540 Current Value:  245
                 544 Current Value:  122
                 548 Current Value:   61
                 552 Current Value:  158
                 556 Current Value:   79
                 560 Current Value:  167
                 564 Current Value:  211
                 568 Current Value:  233
                 572 Current Value:  244
                 576 Current Value:  250
                 580 Current Value:  253
                 584 Current Value:  126
                 588 Current Value:   63
                 592 Current Value:  159
                 596 Current Value:  207
                 600 Current Value:  103
                 604 Current Value:   51
                 608 Current Value:  153
                 612 Current Value:  204
                 616 Current Value:  230
                 620 Current Value:  115
                 624 Current Value:  185
                 628 Current Value:   92
                 632 Current Value:  174
                 636 Current Value:   87
                 640 Current Value:   43
                 644 Current Value:   21
                 648 Current Value:   10
                 652 Current Value:    5
                 656 Current Value:  130
                 660 Current Value:  193
                 664 Current Value:   96
                 668 Current Value:  176
                 672 Current Value:  216
                 676 Current Value:  108
                 680 Current Value:  182
                 684 Current Value:  219
                 688 Current Value:  237
                 692 Current Value:  246
                 696 Current Value:  251
                 700 Current Value:  125
                 704 Current Value:  190
                 708 Current Value:  223
                 712 Current Value:  239
                 716 Current Value:  247
                 720 Current Value:  123
                 724 Current Value:  189
                 728 Current Value:   94
                 732 Current Value:  175
                 736 Current Value:  215
                 740 Current Value:  235
                 744 Current Value:  245
                 748 Current Value:  122
                 752 Current Value:   61
                 756 Current Value:  158
                 760 Current Value:   79
                 764 Current Value:  167
                 768 Current Value:  211
                 772 Current Value:  233
                 776 Current Value:  244
                 780 Current Value:  250
                 784 Current Value:  253
                 788 Current Value:  126
                 792 Current Value:   63
                 796 Current Value:  159
                 800 Current Value:  207
                 804 Current Value:  103
                 808 Current Value:   51
                 812 Current Value:  153
                 816 Current Value:  204
                 820 Current Value:  230
                 824 Current Value:  115
                 828 Current Value:  185
                 832 Current Value:   92
                 836 Current Value:  174
                 840 Current Value:   87
                 844 Current Value:   43
                 848 Current Value:   21
                 852 Current Value:   10
                 856 Current Value:    5
                 860 Current Value:  130
                 864 Current Value:  193
                 868 Current Value:   96
                 872 Current Value:  176
                 876 Current Value:  216
                 880 Current Value:  108
                 884 Current Value:  182
                 888 Current Value:  219
                 892 Current Value:  237
                 896 Current Value:  246
                 900 Current Value:  251
                 904 Current Value:  125
                 908 Current Value:  190
                 912 Current Value:  223
                 916 Current Value:  239
                 920 Current Value:  247
                 924 Current Value:  123
                 928 Current Value:  189
                 932 Current Value:   94
                 936 Current Value:  175
                 940 Current Value:  215
                 944 Current Value:  235
                 948 Current Value:  245
                 952 Current Value:  122
                 956 Current Value:   61
                 960 Current Value:  158
                 964 Current Value:   79
                 968 Current Value:  167
                 972 Current Value:  211
                 976 Current Value:  233
                 980 Current Value:  244
                 984 Current Value:  250
                 988 Current Value:  253
                 992 Current Value:  126
                 996 Current Value:   63
                1000 Current Value:  159
